#
# A fatal error has been detected by the Java Runtime Environment:
#
#  SIGBUS (0x7) at pc=0x00007f52dd1ea3e0, pid=7222, tid=139993713563392
#
# JRE version: 6.0_26-b03
# Java VM: Java HotSpot(TM) 64-Bit Server VM (20.1-b02 mixed mode linux-amd64 compressed oops)
# Problematic frame:
# 
[error occurred during error reporting (printing problematic frame), id 0x7]

# If you would like to submit a bug report, please visit:
#   http://java.sun.com/webapps/bugreport/crash.jsp
# The crash happened outside the Java Virtual Machine in native code.
# See problematic frame for where to report the bug.
#

---------------  T H R E A D  ---------------

Current thread (0x00007f52cc00b000):  JavaThread "LWJGL Application" [_thread_in_native, id=7245, stack(0x00007f52d3815000,0x00007f52d3916000)]

siginfo:si_signo=SIGBUS: si_errno=0, si_code=2 (BUS_ADRERR), si_addr=0x00007f52dd1ea3e0

Registers:
RAX=0x00007f52dd1ea3e0, RBX=0x00000000bd678270, RCX=0x00007f52d3914598, RDX=0x00007f52d39145a0
RSP=0x00007f52d39144f8, RBP=0x00007f52d3914568, RSI=0x00007f52d3914578, RDI=0x00007f52cc00b1d0
R8 =0x0000000000000010, R9 =0x0000000000000000, R10=0x00007f52de6f8d41, R11=0x00007f52e2f8a170
R12=0x0000000000000000, R13=0x00000000bd678270, R14=0x00007f52d39145a0, R15=0x00007f52cc00b000
RIP=0x00007f52dd1ea3e0, EFLAGS=0x0000000000010283, CSGSFS=0x0000000000000033, ERR=0x0000000000000014
  TRAPNO=0x000000000000000e

Top of Stack: (sp=0x00007f52d39144f8)
0x00007f52d39144f8:   00007f52de6f8d6e 0000000000000006
0x00007f52d3914508:   0000000000000006 00000000412e8000
0x00007f52d3914518:   00007f52d31dc640 00000000bd6e1328
0x00007f52d3914528:   00007f52d3914528 0000000000000000
0x00007f52d3914538:   00007f52d39145a0 00000000bd678db8
0x00007f52d3914548:   0000000000000000 00000000bd678270
0x00007f52d3914558:   0000000000000000 00007f52d3914588
0x00007f52d3914568:   00007f52d39145e8 00007f52de6eda82
0x00007f52d3914578:   00000000bd678d50 00007f52de6f5f58
0x00007f52d3914588:   0000000000000000 0000000000000010
0x00007f52d3914598:   00000000ebf91180 00000000ebf6b138
0x00007f52d39145a8:   00007f52d39145a8 00000000bd67655c
0x00007f52d39145b8:   00007f52d3914610 00000000bd678db8
0x00007f52d39145c8:   00000000bd6f4710 00000000bd6765c0
0x00007f52d39145d8:   00007f52d3914588 00007f52d39145f8
0x00007f52d39145e8:   00007f52d3914658 00007f52de6eda82
0x00007f52d39145f8:   0000000000000000 0000000000000010
0x00007f52d3914608:   00000000ebf91180 00000000ebf6b138
0x00007f52d3914618:   00007f52d3914618 00000000bd671633
0x00007f52d3914628:   00007f52d3914690 00000000bd6742a8
0x00007f52d3914638:   00000000bd6fad70 00000000bd6716a0
0x00007f52d3914648:   00007f52d39145f8 00007f52d3914678
0x00007f52d3914658:   00007f52d39146d8 00007f52de6eda82
0x00007f52d3914668:   0000000000000000 00000000ebe487d0
0x00007f52d3914678:   0000000000000000 00000000ebf6b0d0
0x00007f52d3914688:   00000000bd6e1328 00000000ebf90890
0x00007f52d3914698:   00007f52d3914698 00000000bd671504
0x00007f52d39146a8:   00007f52d39146f8 00000000bd6742a8
0x00007f52d39146b8:   00000000bd6fac38 00000000bd671538
0x00007f52d39146c8:   00007f52d3914678 00007f52d39146e8
0x00007f52d39146d8:   00007f52d3914740 00007f52de6eda82
0x00007f52d39146e8:   00000000ebf6b0d0 00000000bd6e1328 

Instructions: (pc=0x00007f52dd1ea3e0)
0x00007f52dd1ea3c0:   6c 24 30 31 c9 48 8b 80 f8 06 00 00 4c 8b 74 24
0x00007f52dd1ea3d0:   38 4c 8b 7c 24 40 48 83 c4 48 ff e0 0f 1f 40 00
0x00007f52dd1ea3e0:   48 89 5c 24 d0 48 89 6c 24 d8 48 89 fb 4c 89 64
0x00007f52dd1ea3f0:   24 e0 4c 89 6c 24 e8 48 89 d5 4c 89 74 24 f0 4c 

Register to memory mapping:

RAX=
[error occurred during error reporting (printing register info), id 0x7]

Stack: [0x00007f52d3815000,0x00007f52d3916000],  sp=0x00007f52d39144f8,  free space=1021k
Native frames: (J=compiled Java code, j=interpreted, Vv=VM code, C=native code)

[error occurred during error reporting (printing native stack), id 0x7]

Java frames: (J=compiled Java code, j=interpreted, Vv=VM code)
j  com.badlogic.gdx.utils.BufferUtils.copyJni([FLjava/nio/Buffer;II)V+0
j  com.badlogic.gdx.utils.BufferUtils.copy([FLjava/nio/Buffer;II)V+4
j  com.badlogic.gdx.graphics.glutils.ShaderProgram.setUniformMatrix(Ljava/lang/String;Lcom/badlogic/gdx/math/Matrix4;Z)V+43
j  com.badlogic.gdx.graphics.glutils.ShaderProgram.setUniformMatrix(Ljava/lang/String;Lcom/badlogic/gdx/math/Matrix4;)V+4
j  com.badlogic.gdx.graphics.g2d.SpriteBatch.setupMatrices()V+152
j  com.badlogic.gdx.graphics.g2d.SpriteBatch.begin()V+81
j  pl.madsoft.airstrike.view.WorldRenderer.render()V+4
j  pl.madsoft.airstrike.screens.GameScreen.render(F)V+30
j  com.badlogic.gdx.Game.render()V+19
j  com.badlogic.gdx.backends.lwjgl.LwjglApplication.mainLoop()V+469
j  com.badlogic.gdx.backends.lwjgl.LwjglApplication$1.run()V+27
v  ~StubRoutines::call_stub

---------------  P R O C E S S  ---------------

Java Threads: ( => current thread )
  0x00007f52cc00d000 JavaThread "DestroyJavaVM" [_thread_blocked, id=7227, stack(0x00007f52e247d000,0x00007f52e257e000)]
=>0x00007f52cc00b000 JavaThread "LWJGL Application" [_thread_in_native, id=7245, stack(0x00007f52d3815000,0x00007f52d3916000)]
  0x0000000040f86000 JavaThread "AWT-XAWT" daemon [_thread_in_native, id=7239, stack(0x00007f52dafd4000,0x00007f52db0d5000)]
  0x0000000040b9d800 JavaThread "Java2D Disposer" daemon [_thread_blocked, id=7238, stack(0x00007f52db70e000,0x00007f52db80f000)]
  0x0000000040952000 JavaThread "Low Memory Detector" daemon [_thread_blocked, id=7236, stack(0x00007f52dd514000,0x00007f52dd615000)]
  0x000000004094d000 JavaThread "C2 CompilerThread1" daemon [_thread_blocked, id=7235, stack(0x00007f52dd615000,0x00007f52dd716000)]
  0x000000004094a000 JavaThread "C2 CompilerThread0" daemon [_thread_blocked, id=7234, stack(0x00007f52dd716000,0x00007f52dd817000)]
  0x0000000040948000 JavaThread "Signal Dispatcher" daemon [_thread_blocked, id=7233, stack(0x00007f52dd817000,0x00007f52dd918000)]
  0x0000000040925800 JavaThread "Finalizer" daemon [_thread_blocked, id=7232, stack(0x00007f52dd95e000,0x00007f52dda5f000)]
  0x0000000040923800 JavaThread "Reference Handler" daemon [_thread_blocked, id=7231, stack(0x00007f52dda5f000,0x00007f52ddb60000)]

Other Threads:
  0x000000004091c800 VMThread [stack: 0x00007f52ddb60000,0x00007f52ddc61000] [id=7230]
  0x000000004095c800 WatcherThread [stack: 0x00007f52dd413000,0x00007f52dd514000] [id=7237]

VM state:not at safepoint (normal execution)

VM Mutex/Monitor currently owned by a thread: None

Heap
 PSYoungGen      total 18496K, used 11788K [0x00000000eb560000, 0x00000000eca00000, 0x0000000100000000)
  eden space 15872K, 74% used [0x00000000eb560000,0x00000000ec0e3108,0x00000000ec4e0000)
  from space 2624K, 0% used [0x00000000ec770000,0x00000000ec770000,0x00000000eca00000)
  to   space 2624K, 0% used [0x00000000ec4e0000,0x00000000ec4e0000,0x00000000ec770000)
 PSOldGen        total 42368K, used 0K [0x00000000c2000000, 0x00000000c4960000, 0x00000000eb560000)
  object space 42368K, 0% used [0x00000000c2000000,0x00000000c2000000,0x00000000c4960000)
 PSPermGen       total 21248K, used 9200K [0x00000000bce00000, 0x00000000be2c0000, 0x00000000c2000000)
  object space 21248K, 43% used [0x00000000bce00000,0x00000000bd6fc1f0,0x00000000be2c0000)

Code Cache  [0x00007f52de6e8000, 0x00007f52de958000, 0x00007f52e16e8000)
 total_blobs=540 nmethods=101 adapters=394 free_code_cache=49649280 largest_free_block=12288

Dynamic libraries:
40000000-40009000 r-xp 00000000 08:02 25817                              /usr/lib/jvm/java-6-sun-1.6.0.26/jre/bin/java
40108000-4010a000 rwxp 00008000 08:02 25817                              /usr/lib/jvm/java-6-sun-1.6.0.26/jre/bin/java
408ba000-41043000 rwxp 00000000 00:00 0                                  [heap]
41043000-41045000 r-xs 00000000 08:02 14500                              /tmp/gl07h4nG (deleted)
412e8000-41366000 rwxp 00000000 00:00 0 
bce00000-be2c0000 rwxp 00000000 00:00 0 
be2c0000-c2000000 rwxp 00000000 00:00 0 
c2000000-c4960000 rwxp 00000000 00:00 0 
c4960000-eb560000 rwxp 00000000 00:00 0 
eb560000-eca00000 rwxp 00000000 00:00 0 
eca00000-100000000 rwxp 00000000 00:00 0 
7f52cc000000-7f52cca9a000 rwxp 00000000 00:00 0 
7f52cca9a000-7f52d0000000 ---p 00000000 00:00 0 
7f52d0171000-7f52d0271000 rwxs 13a6f1000 00:05 6222                      /dev/nvidia0
7f52d0271000-7f52d0371000 rwxp 00000000 00:00 0 
7f52d0371000-7f52d0471000 rwxs 13b38e000 00:05 6222                      /dev/nvidia0
7f52d0471000-7f52d04f4000 rwxp 00000000 00:00 0 
7f52d04f4000-7f52d06f4000 rwxs 13a72d000 00:05 6222                      /dev/nvidia0
7f52d06f4000-7f52d08f4000 rwxs 1243d2000 00:05 6222                      /dev/nvidia0
7f52d08f4000-7f52d0af4000 rwxs 1141ff000 00:05 6222                      /dev/nvidia0
7f52d0af4000-7f52d0bf4000 rwxs 13b1c3000 00:05 6222                      /dev/nvidia0
7f52d0bf4000-7f52d0bf8000 rwxs 13687a000 00:05 6222                      /dev/nvidia0
7f52d0bf8000-7f52d0c18000 rwxs d8140000 00:05 6222                       /dev/nvidia0
7f52d0c18000-7f52d0c19000 rwxs 10ca4f000 00:05 6222                      /dev/nvidia0
7f52d0c19000-7f52d0c1d000 rwxs 137e28000 00:05 6222                      /dev/nvidia0
7f52d0c1d000-7f52d0c5d000 rwxs 138fe6000 00:05 6222                      /dev/nvidia0
7f52d0c5d000-7f52d0c7d000 rwxs 119770000 00:05 6222                      /dev/nvidia0
7f52d0c7d000-7f52d0c7e000 rwxs dfee7000 00:05 6222                       /dev/nvidia0
7f52d0c7e000-7f52d0cbe000 rwxs 137c82000 00:05 6222                      /dev/nvidia0
7f52d0cde000-7f52d0e45000 rwxp 00000000 00:00 0 
7f52d0e45000-7f52d27e2000 r-xp 00000000 08:02 534929                     /usr/lib/nvidia-current/libnvidia-glcore.so.302.17
7f52d27e2000-7f52d29e1000 ---p 0199d000 08:02 534929                     /usr/lib/nvidia-current/libnvidia-glcore.so.302.17
7f52d29e1000-7f52d31db000 rwxp 0199c000 08:02 534929                     /usr/lib/nvidia-current/libnvidia-glcore.so.302.17
7f52d31db000-7f52d31f6000 rwxp 00000000 00:00 0 
7f52d31f6000-7f52d31f9000 r-xp 00000000 08:02 534935                     /usr/lib/nvidia-current/tls/libnvidia-tls.so.302.17
7f52d31f9000-7f52d33f8000 ---p 00003000 08:02 534935                     /usr/lib/nvidia-current/tls/libnvidia-tls.so.302.17
7f52d33f8000-7f52d33f9000 rwxp 00002000 08:02 534935                     /usr/lib/nvidia-current/tls/libnvidia-tls.so.302.17
7f52d33f9000-7f52d34c2000 r-xp 00000000 08:02 534930                     /usr/lib/nvidia-current/libGL.so.302.17
7f52d34c2000-7f52d36c1000 ---p 000c9000 08:02 534930                     /usr/lib/nvidia-current/libGL.so.302.17
7f52d36c1000-7f52d36fe000 rwxp 000c8000 08:02 534930                     /usr/lib/nvidia-current/libGL.so.302.17
7f52d36fe000-7f52d3714000 rwxp 00000000 00:00 0 
7f52d3714000-7f52d3717000 ---p 00000000 00:00 0 
7f52d3717000-7f52d3815000 rwxp 00000000 00:00 0 
7f52d3815000-7f52d3818000 ---p 00000000 00:00 0 
7f52d3818000-7f52d3916000 rwxp 00000000 00:00 0 
7f52d3916000-7f52d3917000 ---p 00000000 00:00 0 
7f52d3917000-7f52d4117000 rwxp 00000000 00:00 0 
7f52d4117000-7f52d8118000 rwxs 00000000 00:10 197459                     /dev/shm/pulse-shm-3757897923
7f52d8118000-7f52d8119000 ---p 00000000 00:00 0 
7f52d8119000-7f52d8919000 rwxp 00000000 00:00 0 
7f52d8919000-7f52d891f000 r-xp 00000000 08:02 3265                       /usr/lib/libogg.so.0.6.0
7f52d891f000-7f52d8b1e000 ---p 00006000 08:02 3265                       /usr/lib/libogg.so.0.6.0
7f52d8b1e000-7f52d8b1f000 r-xp 00005000 08:02 3265                       /usr/lib/libogg.so.0.6.0
7f52d8b1f000-7f52d8b20000 rwxp 00006000 08:02 3265                       /usr/lib/libogg.so.0.6.0
7f52d8b20000-7f52d8b4c000 r-xp 00000000 08:02 6319                       /usr/lib/libvorbis.so.0.4.3
7f52d8b4c000-7f52d8d4b000 ---p 0002c000 08:02 6319                       /usr/lib/libvorbis.so.0.4.3
7f52d8d4b000-7f52d8d4c000 r-xp 0002b000 08:02 6319                       /usr/lib/libvorbis.so.0.4.3
7f52d8d4c000-7f52d8d4d000 rwxp 0002c000 08:02 6319                       /usr/lib/libvorbis.so.0.4.3
7f52d8d4d000-7f52d8f10000 r-xp 00000000 08:02 3353                       /usr/lib/libvorbisenc.so.2.0.6
7f52d8f10000-7f52d9110000 ---p 001c3000 08:02 3353                       /usr/lib/libvorbisenc.so.2.0.6
7f52d9110000-7f52d9127000 r-xp 001c3000 08:02 3353                       /usr/lib/libvorbisenc.so.2.0.6
7f52d9127000-7f52d9128000 rwxp 001da000 08:02 3353                       /usr/lib/libvorbisenc.so.2.0.6
7f52d9128000-7f52d9171000 r-xp 00000000 08:02 3299                       /usr/lib/libFLAC.so.8.2.0
7f52d9171000-7f52d9371000 ---p 00049000 08:02 3299                       /usr/lib/libFLAC.so.8.2.0
7f52d9371000-7f52d9372000 r-xp 00049000 08:02 3299                       /usr/lib/libFLAC.so.8.2.0
7f52d9372000-7f52d9373000 rwxp 0004a000 08:02 3299                       /usr/lib/libFLAC.so.8.2.0
7f52d9373000-7f52d93b0000 r-xp 00000000 08:02 3027                       /lib/libdbus-1.so.3.4.0
7f52d93b0000-7f52d95b0000 ---p 0003d000 08:02 3027                       /lib/libdbus-1.so.3.4.0
7f52d95b0000-7f52d95b1000 r-xp 0003d000 08:02 3027                       /lib/libdbus-1.so.3.4.0
7f52d95b1000-7f52d95b2000 rwxp 0003e000 08:02 3027                       /lib/libdbus-1.so.3.4.0
7f52d95b2000-7f52d9610000 r-xp 00000000 08:02 3555                       /usr/lib/libsndfile.so.1.0.21
7f52d9610000-7f52d9810000 ---p 0005e000 08:02 3555                       /usr/lib/libsndfile.so.1.0.21
7f52d9810000-7f52d9812000 r-xp 0005e000 08:02 3555                       /usr/lib/libsndfile.so.1.0.21
7f52d9812000-7f52d9813000 rwxp 00060000 08:02 3555                       /usr/lib/libsndfile.so.1.0.21
7f52d9813000-7f52d9817000 rwxp 00000000 00:00 0 
7f52d9817000-7f52d9820000 r-xp 00000000 08:02 4166                       /lib/libwrap.so.0.7.6
7f52d9820000-7f52d9a1f000 ---p 00009000 08:02 4166                       /lib/libwrap.so.0.7.6
7f52d9a1f000-7f52d9a20000 r-xp 00008000 08:02 4166                       /lib/libwrap.so.0.7.6
7f52d9a20000-7f52d9a21000 rwxp 00009000 08:02 4166                       /lib/libwrap.so.0.7.6
7f52d9a21000-7f52d9a22000 rwxp 00000000 00:00 0 
7f52d9a22000-7f52d9a26000 r-xp 00000000 08:02 998                        /lib/libuuid.so.1.3.0
7f52d9a26000-7f52d9c25000 ---p 00004000 08:02 998                        /lib/libuuid.so.1.3.0
7f52d9c25000-7f52d9c26000 r-xp 00003000 08:02 998                        /lib/libuuid.so.1.3.0
7f52d9c26000-7f52d9c27000 rwxp 00004000 08:02 998                        /lib/libuuid.so.1.3.0
7f52d9c27000-7f52d9c72000 r-xp 00000000 08:02 3938                       /usr/lib/libpulsecommon-0.9.21.so
7f52d9c72000-7f52d9e71000 ---p 0004b000 08:02 3938                       /usr/lib/libpulsecommon-0.9.21.so
7f52d9e71000-7f52d9e72000 r-xp 0004a000 08:02 3938                       /usr/lib/libpulsecommon-0.9.21.so
7f52d9e72000-7f52d9e73000 rwxp 0004b000 08:02 3938                       /usr/lib/libpulsecommon-0.9.21.so
7f52d9e73000-7f52d9e7b000 r-xp 00000000 08:02 82                         /usr/lib/libSM.so.6.0.1
7f52d9e7b000-7f52da07a000 ---p 00008000 08:02 82                         /usr/lib/libSM.so.6.0.1
7f52da07a000-7f52da07b000 r-xp 00007000 08:02 82                         /usr/lib/libSM.so.6.0.1
7f52da07b000-7f52da07c000 rwxp 00008000 08:02 82                         /usr/lib/libSM.so.6.0.1
7f52da07c000-7f52da093000 r-xp 00000000 08:02 56                         /usr/lib/libICE.so.6.3.0
7f52da093000-7f52da292000 ---p 00017000 08:02 56                         /usr/lib/libICE.so.6.3.0
7f52da292000-7f52da293000 r-xp 00016000 08:02 56                         /usr/lib/libICE.so.6.3.0
7f52da293000-7f52da294000 rwxp 00017000 08:02 56                         /usr/lib/libICE.so.6.3.0
7f52da294000-7f52da297000 rwxp 00000000 00:00 0 
7f52da297000-7f52da2d7000 r-xp 00000000 08:02 3188                       /usr/lib/libpulse.so.0.12.2
7f52da2d7000-7f52da4d7000 ---p 00040000 08:02 3188                       /usr/lib/libpulse.so.0.12.2
7f52da4d7000-7f52da4d8000 r-xp 00040000 08:02 3188                       /usr/lib/libpulse.so.0.12.2
7f52da4d8000-7f52da4d9000 rwxp 00041000 08:02 3188                       /usr/lib/libpulse.so.0.12.2
7f52da4d9000-7f52da525000 r-xp 00000000 08:02 402886                     /tmp/libgdxpmandes/3115210713/libopenal64.so
7f52da525000-7f52da725000 ---p 0004c000 08:02 402886                     /tmp/libgdxpmandes/3115210713/libopenal64.so
7f52da725000-7f52da727000 r-xp 0004c000 08:02 402886                     /tmp/libgdxpmandes/3115210713/libopenal64.so
7f52da727000-7f52da728000 rwxp 0004e000 08:02 402886                     /tmp/libgdxpmandes/3115210713/libopenal64.so
7f52da728000-7f52da729000 rwxp 00000000 00:00 0 
7f52da729000-7f52da72e000 r-xp 00000000 08:02 7694                       /usr/lib/libXxf86vm.so.1.0.0
7f52da72e000-7f52da92d000 ---p 00005000 08:02 7694                       /usr/lib/libXxf86vm.so.1.0.0
7f52da92d000-7f52da92e000 r-xp 00004000 08:02 7694                       /usr/lib/libXxf86vm.so.1.0.0
7f52da92e000-7f52da92f000 rwxp 00005000 08:02 7694                       /usr/lib/libXxf86vm.so.1.0.0
7f52da92f000-7f52da937000 r-xp 00000000 08:02 5737                       /usr/lib/libXrandr.so.2.2.0
7f52da937000-7f52dab36000 ---p 00008000 08:02 5737                       /usr/lib/libXrandr.so.2.2.0
7f52dab36000-7f52dab37000 r-xp 00007000 08:02 5737                       /usr/lib/libXrandr.so.2.2.0
7f52dab37000-7f52dab38000 rwxp 00008000 08:02 5737                       /usr/lib/libXrandr.so.2.2.0
7f52dab38000-7f52dab9f000 r-xp 00000000 08:02 404124                     /tmp/libgdxpmandes/3115210713/liblwjgl64.so
7f52dab9f000-7f52dad9f000 ---p 00067000 08:02 404124                     /tmp/libgdxpmandes/3115210713/liblwjgl64.so
7f52dad9f000-7f52dada1000 r-xp 00067000 08:02 404124                     /tmp/libgdxpmandes/3115210713/liblwjgl64.so
7f52dada1000-7f52dada2000 rwxp 00069000 08:02 404124                     /tmp/libgdxpmandes/3115210713/liblwjgl64.so
7f52dada2000-7f52dada3000 r-xs 00000000 08:02 135494                     /var/cache/fontconfig/c05880de57d1f5e948fdfacc138775d9-le64.cache-3
7f52dada3000-7f52dadac000 r-xs 00000000 08:02 135473                     /var/cache/fontconfig/945677eb7aeaf62f1d50efc3fb3ec7d8-le64.cache-3
7f52dadac000-7f52dadb0000 r-xs 00000000 08:02 135448                     /var/cache/fontconfig/99e8ed0e538f840c565b6ed5dad60d56-le64.cache-3
7f52dadb0000-7f52dadb3000 r-xs 00000000 08:02 135402                     /var/cache/fontconfig/f24b2111ab8703b4e963115a8cf14259-le64.cache-3
7f52dadb3000-7f52dadb6000 r-xs 00000000 08:02 134835                     /var/cache/fontconfig/e383d7ea5fbe662a33d9b44caf393297-le64.cache-3
7f52dadb6000-7f52dadb7000 r-xs 00000000 08:02 134781                     /var/cache/fontconfig/e7071f4a29fa870f4323321c154eba04-le64.cache-3
7f52dadb7000-7f52dadbb000 r-xs 00000000 08:02 134780                     /var/cache/fontconfig/6eb3985aa4124903f6ff08ba781cd364-le64.cache-3
7f52dadbb000-7f52dadbc000 r-xs 00000000 08:02 134779                     /var/cache/fontconfig/4c73fe0c47614734b17d736dbde7580a-le64.cache-3
7f52dadbc000-7f52dadbd000 r-xs 00000000 08:02 134550                     /var/cache/fontconfig/0d8c3b2ac0904cb8a57a757ad11a4a08-le64.cache-3
7f52dadbd000-7f52dadbe000 r-xs 00000000 08:02 134503                     /var/cache/fontconfig/6a53c69dea097a2d716e069445527da8-le64.cache-3
7f52dadbe000-7f52dadc3000 r-xs 00000000 08:02 134302                     /var/cache/fontconfig/062808c12e6e608270f93bb230aed730-le64.cache-3
7f52dadc3000-7f52dadc9000 r-xs 00000000 08:02 134298                     /var/cache/fontconfig/a755afe4a08bf5b97852ceb7400b47bc-le64.cache-3
7f52dadc9000-7f52dadd2000 r-xs 00000000 08:02 134291                     /var/cache/fontconfig/6d41288fd70b0be22e8c3a91e032eec0-le64.cache-3
7f52dadd2000-7f52dade2000 r-xs 00000000 08:02 134252                     /var/cache/fontconfig/0f34bcd4b6ee430af32735b75db7f02b-le64.cache-3
7f52dade2000-7f52dade5000 r-xs 00000000 08:02 134189                     /var/cache/fontconfig/d60319d88cac85ba9e1a07bd06cfbb8c-le64.cache-3
7f52dade5000-7f52dae13000 r-xs 00000000 08:02 134013                     /var/cache/fontconfig/365b55f210c0a22e9a19e35191240f32-le64.cache-3
7f52dae13000-7f52dae15000 rwxs 00000000 08:02 14500                      /tmp/gl07h4nG (deleted)
7f52dae15000-7f52dae16000 rwxs dfee8000 00:05 6222                       /dev/nvidia0
7f52dae16000-7f52daed3000 rwxp 00000000 00:00 0 
7f52daed3000-7f52daed4000 r-xp 00000000 08:02 26013                      /usr/lib/jvm/java-6-sun-1.6.0.26/jre/lib/amd64/libjawt.so
7f52daed4000-7f52dafd3000 ---p 00001000 08:02 26013                      /usr/lib/jvm/java-6-sun-1.6.0.26/jre/lib/amd64/libjawt.so
7f52dafd3000-7f52dafd4000 rwxp 00000000 08:02 26013                      /usr/lib/jvm/java-6-sun-1.6.0.26/jre/lib/amd64/libjawt.so
7f52dafd4000-7f52dafd7000 ---p 00000000 00:00 0 
7f52dafd7000-7f52db0d5000 rwxp 00000000 00:00 0 
7f52db0d5000-7f52db0da000 r-xp 00000000 08:02 5735                       /usr/lib/libXfixes.so.3.1.0
7f52db0da000-7f52db2d9000 ---p 00005000 08:02 5735                       /usr/lib/libXfixes.so.3.1.0
7f52db2d9000-7f52db2da000 r-xp 00004000 08:02 5735                       /usr/lib/libXfixes.so.3.1.0
7f52db2da000-7f52db2db000 rwxp 00005000 08:02 5735                       /usr/lib/libXfixes.so.3.1.0
7f52db2db000-7f52db2e4000 r-xp 00000000 08:02 4022                       /usr/lib/libXrender.so.1.3.0
7f52db2e4000-7f52db4e3000 ---p 00009000 08:02 4022                       /usr/lib/libXrender.so.1.3.0
7f52db4e3000-7f52db4e4000 r-xp 00008000 08:02 4022                       /usr/lib/libXrender.so.1.3.0
7f52db4e4000-7f52db4e5000 rwxp 00009000 08:02 4022                       /usr/lib/libXrender.so.1.3.0
7f52db4e5000-7f52db4ee000 r-xp 00000000 08:02 6434                       /usr/lib/libXcursor.so.1.0.2
7f52db4ee000-7f52db6ed000 ---p 00009000 08:02 6434                       /usr/lib/libXcursor.so.1.0.2
7f52db6ed000-7f52db6ee000 r-xp 00008000 08:02 6434                       /usr/lib/libXcursor.so.1.0.2
7f52db6ee000-7f52db6ef000 rwxp 00009000 08:02 6434                       /usr/lib/libXcursor.so.1.0.2
7f52db6ef000-7f52db6f0000 rwxs f8641000 00:05 6222                       /dev/nvidia0
7f52db6f0000-7f52db6f1000 rwxs d8120000 00:05 6222                       /dev/nvidia0
7f52db6f1000-7f52db70e000 rwxs 124e39000 00:05 6222                      /dev/nvidia0
7f52db70e000-7f52db711000 ---p 00000000 00:00 0 
7f52db711000-7f52db80f000 rwxp 00000000 00:00 0 
7f52db80f000-7f52db888000 r-xp 00000000 08:02 25998                      /usr/lib/jvm/java-6-sun-1.6.0.26/jre/lib/amd64/libfontmanager.so
7f52db888000-7f52db987000 ---p 00079000 08:02 25998                      /usr/lib/jvm/java-6-sun-1.6.0.26/jre/lib/amd64/libfontmanager.so
7f52db987000-7f52db99c000 rwxp 00078000 08:02 25998                      /usr/lib/jvm/java-6-sun-1.6.0.26/jre/lib/amd64/libfontmanager.so
7f52db99c000-7f52db9ad000 rwxp 00000000 00:00 0 
7f52db9ad000-7f52db9b2000 r-xp 00000000 08:02 91                         /usr/lib/libXdmcp.so.6.0.0
7f52db9b2000-7f52dbbb1000 ---p 00005000 08:02 91                         /usr/lib/libXdmcp.so.6.0.0
7f52dbbb1000-7f52dbbb2000 r-xp 00004000 08:02 91                         /usr/lib/libXdmcp.so.6.0.0
7f52dbbb2000-7f52dbbb3000 rwxp 00005000 08:02 91                         /usr/lib/libXdmcp.so.6.0.0
7f52dbbb3000-7f52dbbb5000 r-xp 00000000 08:02 89                         /usr/lib/libXau.so.6.0.0
7f52dbbb5000-7f52dbdb5000 ---p 00002000 08:02 89                         /usr/lib/libXau.so.6.0.0
7f52dbdb5000-7f52dbdb6000 r-xp 00002000 08:02 89                         /usr/lib/libXau.so.6.0.0
7f52dbdb6000-7f52dbdb7000 rwxp 00003000 08:02 89                         /usr/lib/libXau.so.6.0.0
7f52dbdb7000-7f52dbdd2000 r-xp 00000000 08:02 119                        /usr/lib/libxcb.so.1.1.0
7f52dbdd2000-7f52dbfd1000 ---p 0001b000 08:02 119                        /usr/lib/libxcb.so.1.1.0
7f52dbfd1000-7f52dbfd2000 r-xp 0001a000 08:02 119                        /usr/lib/libxcb.so.1.1.0
7f52dbfd2000-7f52dbfd3000 rwxp 0001b000 08:02 119                        /usr/lib/libxcb.so.1.1.0
7f52dbfd3000-7f52dbfe2000 r-xp 00000000 08:02 6149                       /usr/lib/libXi.so.6.1.0
7f52dbfe2000-7f52dc1e1000 ---p 0000f000 08:02 6149                       /usr/lib/libXi.so.6.1.0
7f52dc1e1000-7f52dc1e2000 r-xp 0000e000 08:02 6149                       /usr/lib/libXi.so.6.1.0
7f52dc1e2000-7f52dc1e3000 rwxp 0000f000 08:02 6149                       /usr/lib/libXi.so.6.1.0
7f52dc1e3000-7f52dc1e8000 r-xp 00000000 08:02 144                        /usr/lib/libXtst.so.6.1.0
7f52dc1e8000-7f52dc3e8000 ---p 00005000 08:02 144                        /usr/lib/libXtst.so.6.1.0
7f52dc3e8000-7f52dc3e9000 r-xp 00005000 08:02 144                        /usr/lib/libXtst.so.6.1.0
7f52dc3e9000-7f52dc3ea000 rwxp 00006000 08:02 144                        /usr/lib/libXtst.so.6.1.0
7f52dc3ea000-7f52dc51b000 r-xp 00000000 08:02 123                        /usr/lib/libX11.so.6.3.0
7f52dc51b000-7f52dc71b000 ---p 00131000 08:02 123                        /usr/lib/libX11.so.6.3.0
7f52dc71b000-7f52dc71c000 r-xp 00131000 08:02 123                        /usr/lib/libX11.so.6.3.0
7f52dc71c000-7f52dc720000 rwxp 00132000 08:02 123                        /usr/lib/libX11.so.6.3.0
7f52dc720000-7f52dc731000 r-xp 00000000 08:02 135                        /usr/lib/libXext.so.6.4.0
7f52dc731000-7f52dc930000 ---p 00011000 08:02 135                        /usr/lib/libXext.so.6.4.0
7f52dc930000-7f52dc931000 r-xp 00010000 08:02 135                        /usr/lib/libXext.so.6.4.0
7f52dc931000-7f52dc932000 rwxp 00011000 08:02 135                        /usr/lib/libXext.so.6.4.0
7f52dc932000-7f52dc974000 r-xp 00000000 08:02 25988                      /usr/lib/jvm/java-6-sun-1.6.0.26/jre/lib/amd64/xawt/libmawt.so
7f52dc974000-7f52dca73000 ---p 00042000 08:02 25988                      /usr/lib/jvm/java-6-sun-1.6.0.26/jre/lib/amd64/xawt/libmawt.so
7f52dca73000-7f52dca7f000 rwxp 00041000 08:02 25988                      /usr/lib/jvm/java-6-sun-1.6.0.26/jre/lib/amd64/xawt/libmawt.so
7f52dca7f000-7f52dca80000 rwxp 00000000 00:00 0 
7f52dca80000-7f52dcb12000 r-xp 00000000 08:02 26030                      /usr/lib/jvm/java-6-sun-1.6.0.26/jre/lib/amd64/libawt.so
7f52dcb12000-7f52dcc11000 ---p 00092000 08:02 26030                      /usr/lib/jvm/java-6-sun-1.6.0.26/jre/lib/amd64/libawt.so
7f52dcc11000-7f52dcc2b000 rwxp 00091000 08:02 26030                      /usr/lib/jvm/java-6-sun-1.6.0.26/jre/lib/amd64/libawt.so
7f52dcc2b000-7f52dcc4f000 rwxp 00000000 00:00 0 
7f52dcc4f000-7f52dcc65000 r-xp 00000000 08:02 3626                       /lib/libgcc_s.so.1
7f52dcc65000-7f52dce64000 ---p 00016000 08:02 3626                       /lib/libgcc_s.so.1
7f52dce64000-7f52dce65000 r-xp 00015000 08:02 3626                       /lib/libgcc_s.so.1
7f52dce65000-7f52dce66000 rwxp 00016000 08:02 3626                       /lib/libgcc_s.so.1
7f52dce66000-7f52dcf5c000 r-xp 00000000 08:02 28690                      /usr/lib/libstdc++.so.6.0.13
7f52dcf5c000-7f52dd15c000 ---p 000f6000 08:02 28690                      /usr/lib/libstdc++.so.6.0.13
7f52dd15c000-7f52dd163000 r-xp 000f6000 08:02 28690                      /usr/lib/libstdc++.so.6.0.13
7f52dd163000-7f52dd165000 rwxp 000fd000 08:02 28690                      /usr/lib/libstdc++.so.6.0.13
7f52dd165000-7f52dd17a000 rwxp 00000000 00:00 0 
7f52dd17a000-7f52dd17b000 rwxs 139b50000 00:05 6222                      /dev/nvidia0
7f52dd17b000-7f52dd17c000 rwxs f8060000 00:05 6222                       /dev/nvidia0
7f52dd17c000-7f52dd17f000 r-xs 00000000 08:02 133979                     /var/cache/fontconfig/2c5ba8142dffc8bf0377700342b8ca1a-le64.cache-3
7f52dd17f000-7f52dd189000 r-xs 00000000 08:02 133952                     /var/cache/fontconfig/d52a8644073d54c13679302ca1180695-le64.cache-3
7f52dd189000-7f52dd18a000 r-xs 00000000 08:02 133908                     /var/cache/fontconfig/1f901bd019c7d81ebf355e99936ff480-le64.cache-3
7f52dd18a000-7f52dd195000 r-xs 00000000 08:02 133683                     /var/cache/fontconfig/e13b20fdb08344e0e664864cc2ede53d-le64.cache-3
7f52dd195000-7f52dd199000 r-xs 00000000 08:02 133899                     /var/cache/fontconfig/7ef2298fde41cc6eeb7af42e48b7d293-le64.cache-3
7f52dd199000-7f52dd210000 r-xp 00000000 08:02 402884                     /tmp/libgdxpmandes/3115210713/libgdx64.so
7f52dd210000-7f52dd40f000 ---p 00077000 08:02 402884                     /tmp/libgdxpmandes/3115210713/libgdx64.so
7f52dd40f000-7f52dd411000 r-xp 00076000 08:02 402884                     /tmp/libgdxpmandes/3115210713/libgdx64.so
7f52dd411000-7f52dd412000 rwxp 00078000 08:02 402884                     /tmp/libgdxpmandes/3115210713/libgdx64.so
7f52dd412000-7f52dd413000 rwxp 00000000 00:00 0 
7f52dd413000-7f52dd414000 ---p 00000000 00:00 0 
7f52dd414000-7f52dd514000 rwxp 00000000 00:00 0 
7f52dd514000-7f52dd517000 ---p 00000000 00:00 0 
7f52dd517000-7f52dd615000 rwxp 00000000 00:00 0 
7f52dd615000-7f52dd618000 ---p 00000000 00:00 0 
7f52dd618000-7f52dd716000 rwxp 00000000 00:00 0 
7f52dd716000-7f52dd719000 ---p 00000000 00:00 0 
7f52dd719000-7f52dd817000 rwxp 00000000 00:00 0 
7f52dd817000-7f52dd81a000 ---p 00000000 00:00 0 
7f52dd81a000-7f52dd918000 rwxp 00000000 00:00 0 
7f52dd918000-7f52dd91f000 r-xs 00000000 08:02 162739                     /usr/lib/gconv/gconv-modules.cache
7f52dd91f000-7f52dd95e000 r-xp 00000000 08:02 571472                     /usr/lib/locale/pl_PL.utf8/LC_CTYPE
7f52dd95e000-7f52dd961000 ---p 00000000 00:00 0 
7f52dd961000-7f52dda5f000 rwxp 00000000 00:00 0 
7f52dda5f000-7f52dda62000 ---p 00000000 00:00 0 
7f52dda62000-7f52ddb60000 rwxp 00000000 00:00 0 
7f52ddb60000-7f52ddb61000 ---p 00000000 00:00 0 
7f52ddb61000-7f52ddf98000 rwxp 00000000 00:00 0 
7f52ddf98000-7f52de130000 r-xs 03029000 08:02 25986                      /usr/lib/jvm/java-6-sun-1.6.0.26/jre/lib/rt.jar
7f52de130000-7f52de158000 rwxp 00000000 00:00 0 
7f52de158000-7f52de159000 ---p 00000000 00:00 0 
7f52de159000-7f52de259000 rwxp 00000000 00:00 0 
7f52de259000-7f52de25a000 ---p 00000000 00:00 0 
7f52de25a000-7f52de365000 rwxp 00000000 00:00 0 
7f52de365000-7f52de383000 rwxp 00000000 00:00 0 
7f52de383000-7f52de398000 rwxp 00000000 00:00 0 
7f52de398000-7f52de4ce000 rwxp 00000000 00:00 0 
7f52de4ce000-7f52de4d9000 rwxp 00000000 00:00 0 
7f52de4d9000-7f52de4f7000 rwxp 00000000 00:00 0 
7f52de4f7000-7f52de50c000 rwxp 00000000 00:00 0 
7f52de50c000-7f52de641000 rwxp 00000000 00:00 0 
7f52de641000-7f52de64c000 rwxp 00000000 00:00 0 
7f52de64c000-7f52de6e7000 rwxp 00000000 00:00 0 
7f52de6e7000-7f52de958000 rwxp 00000000 00:00 0 
7f52de958000-7f52e16e8000 rwxp 00000000 00:00 0 
7f52e16e8000-7f52e16f6000 r-xp 00000000 08:02 26000                      /usr/lib/jvm/java-6-sun-1.6.0.26/jre/lib/amd64/libzip.so
7f52e16f6000-7f52e17f8000 ---p 0000e000 08:02 26000                      /usr/lib/jvm/java-6-sun-1.6.0.26/jre/lib/amd64/libzip.so
7f52e17f8000-7f52e17fb000 rwxp 00010000 08:02 26000                      /usr/lib/jvm/java-6-sun-1.6.0.26/jre/lib/amd64/libzip.so
7f52e17fb000-7f52e17fc000 rwxp 00000000 00:00 0 
7f52e17fc000-7f52e1808000 r-xp 00000000 08:02 27531                      /lib/libnss_files-2.11.1.so
7f52e1808000-7f52e1a07000 ---p 0000c000 08:02 27531                      /lib/libnss_files-2.11.1.so
7f52e1a07000-7f52e1a08000 r-xp 0000b000 08:02 27531                      /lib/libnss_files-2.11.1.so
7f52e1a08000-7f52e1a09000 rwxp 0000c000 08:02 27531                      /lib/libnss_files-2.11.1.so
7f52e1a09000-7f52e1a13000 r-xp 00000000 08:02 8632                       /lib/libnss_nis-2.11.1.so
7f52e1a13000-7f52e1c12000 ---p 0000a000 08:02 8632                       /lib/libnss_nis-2.11.1.so
7f52e1c12000-7f52e1c13000 r-xp 00009000 08:02 8632                       /lib/libnss_nis-2.11.1.so
7f52e1c13000-7f52e1c14000 rwxp 0000a000 08:02 8632                       /lib/libnss_nis-2.11.1.so
7f52e1c14000-7f52e1c1c000 r-xp 00000000 08:02 8631                       /lib/libnss_compat-2.11.1.so
7f52e1c1c000-7f52e1e1b000 ---p 00008000 08:02 8631                       /lib/libnss_compat-2.11.1.so
7f52e1e1b000-7f52e1e1c000 r-xp 00007000 08:02 8631                       /lib/libnss_compat-2.11.1.so
7f52e1e1c000-7f52e1e1d000 rwxp 00008000 08:02 8631                       /lib/libnss_compat-2.11.1.so
7f52e1e1d000-7f52e1e34000 r-xp 00000000 08:02 8622                       /lib/libnsl-2.11.1.so
7f52e1e34000-7f52e2033000 ---p 00017000 08:02 8622                       /lib/libnsl-2.11.1.so
7f52e2033000-7f52e2034000 r-xp 00016000 08:02 8622                       /lib/libnsl-2.11.1.so
7f52e2034000-7f52e2035000 rwxp 00017000 08:02 8622                       /lib/libnsl-2.11.1.so
7f52e2035000-7f52e2037000 rwxp 00000000 00:00 0 
7f52e2037000-7f52e2060000 r-xp 00000000 08:02 26012                      /usr/lib/jvm/java-6-sun-1.6.0.26/jre/lib/amd64/libjava.so
7f52e2060000-7f52e215f000 ---p 00029000 08:02 26012                      /usr/lib/jvm/java-6-sun-1.6.0.26/jre/lib/amd64/libjava.so
7f52e215f000-7f52e2166000 rwxp 00028000 08:02 26012                      /usr/lib/jvm/java-6-sun-1.6.0.26/jre/lib/amd64/libjava.so
7f52e2166000-7f52e2173000 r-xp 00000000 08:02 25995                      /usr/lib/jvm/java-6-sun-1.6.0.26/jre/lib/amd64/libverify.so
7f52e2173000-7f52e2272000 ---p 0000d000 08:02 25995                      /usr/lib/jvm/java-6-sun-1.6.0.26/jre/lib/amd64/libverify.so
7f52e2272000-7f52e2275000 rwxp 0000c000 08:02 25995                      /usr/lib/jvm/java-6-sun-1.6.0.26/jre/lib/amd64/libverify.so
7f52e2275000-7f52e227c000 r-xp 00000000 08:02 8627                       /lib/librt-2.11.1.so
7f52e227c000-7f52e247b000 ---p 00007000 08:02 8627                       /lib/librt-2.11.1.so
7f52e247b000-7f52e247c000 r-xp 00006000 08:02 8627                       /lib/librt-2.11.1.so
7f52e247c000-7f52e247d000 rwxp 00007000 08:02 8627                       /lib/librt-2.11.1.so
7f52e247d000-7f52e2480000 ---p 00000000 00:00 0 
7f52e2480000-7f52e257e000 rwxp 00000000 00:00 0 
7f52e257e000-7f52e2600000 r-xp 00000000 08:02 4062                       /lib/libm-2.11.1.so
7f52e2600000-7f52e27ff000 ---p 00082000 08:02 4062                       /lib/libm-2.11.1.so
7f52e27ff000-7f52e2800000 r-xp 00081000 08:02 4062                       /lib/libm-2.11.1.so
7f52e2800000-7f52e2801000 rwxp 00082000 08:02 4062                       /lib/libm-2.11.1.so
7f52e2801000-7f52e311b000 r-xp 00000000 08:02 26018                      /usr/lib/jvm/java-6-sun-1.6.0.26/jre/lib/amd64/server/libjvm.so
7f52e311b000-7f52e321d000 ---p 0091a000 08:02 26018                      /usr/lib/jvm/java-6-sun-1.6.0.26/jre/lib/amd64/server/libjvm.so
7f52e321d000-7f52e33d2000 rwxp 0091c000 08:02 26018                      /usr/lib/jvm/java-6-sun-1.6.0.26/jre/lib/amd64/server/libjvm.so
7f52e33d2000-7f52e340c000 rwxp 00000000 00:00 0 
7f52e340c000-7f52e3586000 r-xp 00000000 08:02 27528                      /lib/libc-2.11.1.so
7f52e3586000-7f52e3785000 ---p 0017a000 08:02 27528                      /lib/libc-2.11.1.so
7f52e3785000-7f52e3789000 r-xp 00179000 08:02 27528                      /lib/libc-2.11.1.so
7f52e3789000-7f52e378a000 rwxp 0017d000 08:02 27528                      /lib/libc-2.11.1.so
7f52e378a000-7f52e378f000 rwxp 00000000 00:00 0 
7f52e378f000-7f52e3791000 r-xp 00000000 08:02 27532                      /lib/libdl-2.11.1.so
7f52e3791000-7f52e3991000 ---p 00002000 08:02 27532                      /lib/libdl-2.11.1.so
7f52e3991000-7f52e3992000 r-xp 00002000 08:02 27532                      /lib/libdl-2.11.1.so
7f52e3992000-7f52e3993000 rwxp 00003000 08:02 27532                      /lib/libdl-2.11.1.so
7f52e3993000-7f52e39ab000 r-xp 00000000 08:02 8637                       /lib/libpthread-2.11.1.so
7f52e39ab000-7f52e3baa000 ---p 00018000 08:02 8637                       /lib/libpthread-2.11.1.so
7f52e3baa000-7f52e3bab000 r-xp 00017000 08:02 8637                       /lib/libpthread-2.11.1.so
7f52e3bab000-7f52e3bac000 rwxp 00018000 08:02 8637                       /lib/libpthread-2.11.1.so
7f52e3bac000-7f52e3bb0000 rwxp 00000000 00:00 0 
7f52e3bb0000-7f52e3bd0000 r-xp 00000000 08:02 8624                       /lib/ld-2.11.1.so
7f52e3bd0000-7f52e3bd1000 r-xs 00000000 08:02 134084                     /var/cache/fontconfig/4794a0821666d79190d59a36cb4f44b5-le64.cache-3
7f52e3bd1000-7f52e3be0000 r-xs 000e3000 08:06 10632                      /home/pmandes/Devel/AirStrikeGDX/airstrike/libs/gdx.jar
7f52e3be0000-7f52e3bea000 rwxp 00000000 00:00 0 
7f52e3bea000-7f52e3ca0000 rwxp 00000000 00:00 0 
7f52e3ca0000-7f52e3ca3000 rwxp 00000000 00:00 0 
7f52e3ca3000-7f52e3caa000 r-xp 00000000 08:02 25987                      /usr/lib/jvm/java-6-sun-1.6.0.26/jre/lib/amd64/jli/libjli.so
7f52e3caa000-7f52e3dab000 ---p 00007000 08:02 25987                      /usr/lib/jvm/java-6-sun-1.6.0.26/jre/lib/amd64/jli/libjli.so
7f52e3dab000-7f52e3dad000 rwxp 00008000 08:02 25987                      /usr/lib/jvm/java-6-sun-1.6.0.26/jre/lib/amd64/jli/libjli.so
7f52e3dad000-7f52e3dae000 rwxp 00000000 00:00 0 
7f52e3dae000-7f52e3daf000 r-xs 00127000 08:06 10646                      /home/pmandes/Devel/AirStrikeGDX/airstrike-desktop/libs/gdx-natives.jar
7f52e3daf000-7f52e3db0000 r-xs 0014e000 08:06 10648                      /home/pmandes/Devel/AirStrikeGDX/airstrike-desktop/libs/gdx-backend-lwjgl-natives.jar
7f52e3db0000-7f52e3dc3000 r-xs 0013c000 08:06 10647                      /home/pmandes/Devel/AirStrikeGDX/airstrike-desktop/libs/gdx-backend-lwjgl.jar
7f52e3dc3000-7f52e3dcb000 rwxs 00000000 08:02 303677                     /tmp/hsperfdata_pmandes/7222
7f52e3dcb000-7f52e3dcc000 rwxp 00000000 00:00 0 
7f52e3dcc000-7f52e3dcd000 r-xp 00000000 00:00 0 
7f52e3dcd000-7f52e3dcf000 rwxp 00000000 00:00 0 
7f52e3dcf000-7f52e3dd0000 r-xp 0001f000 08:02 8624                       /lib/ld-2.11.1.so
7f52e3dd0000-7f52e3dd1000 rwxp 00020000 08:02 8624                       /lib/ld-2.11.1.so
7f52e3dd1000-7f52e3dd2000 rwxp 00000000 00:00 0 
7fff1b466000-7fff1b47b000 rwxp 00000000 00:00 0                          [stack]
7fff1b5da000-7fff1b5db000 r-xp 00000000 00:00 0                          [vdso]
ffffffffff600000-ffffffffff601000 r-xp 00000000 00:00 0                  [vsyscall]

VM Arguments:
jvm_args: -Dfile.encoding=UTF-8 
java_command: pl.madsoft.airstrike.Main
Launcher Type: SUN_STANDARD

Environment Variables:
PATH=/usr/local/sbin:/usr/local/bin:/usr/sbin:/usr/bin:/sbin:/bin:/usr/games
USERNAME=pmandes
LD_LIBRARY_PATH=/usr/lib/jvm/java-6-sun-1.6.0.26/jre/lib/amd64/server:/usr/lib/jvm/java-6-sun-1.6.0.26/jre/lib/amd64:/usr/lib/jvm/java-6-sun-1.6.0.26/jre/../lib/amd64
SHELL=/bin/bash
DISPLAY=:0.0

Signal Handlers:
SIGSEGV: [libjvm.so+0x85f800], sa_mask[0]=0x7ffbfeff, sa_flags=0x10000004
SIGBUS: [libjvm.so+0x85f800], sa_mask[0]=0x7ffbfeff, sa_flags=0x10000004
SIGFPE: [libjvm.so+0x70e300], sa_mask[0]=0x7ffbfeff, sa_flags=0x10000004
SIGPIPE: [libjvm.so+0x70e300], sa_mask[0]=0x7ffbfeff, sa_flags=0x10000004
SIGXFSZ: [libjvm.so+0x70e300], sa_mask[0]=0x7ffbfeff, sa_flags=0x10000004
SIGILL: [libjvm.so+0x70e300], sa_mask[0]=0x7ffbfeff, sa_flags=0x10000004
SIGUSR1: SIG_DFL, sa_mask[0]=0x00000000, sa_flags=0x00000000
SIGUSR2: [libjvm.so+0x711110], sa_mask[0]=0x00000004, sa_flags=0x10000004
SIGHUP: [libjvm.so+0x710d10], sa_mask[0]=0x7ffbfeff, sa_flags=0x10000004
SIGINT: [libjvm.so+0x710d10], sa_mask[0]=0x7ffbfeff, sa_flags=0x10000004
SIGTERM: [libjvm.so+0x710d10], sa_mask[0]=0x7ffbfeff, sa_flags=0x10000004
SIGQUIT: [libjvm.so+0x710d10], sa_mask[0]=0x7ffbfeff, sa_flags=0x10000004


---------------  S Y S T E M  ---------------

OS:squeeze/sid

uname:Linux 2.6.32-33-generic #72-Ubuntu SMP Fri Jul 29 21:07:13 UTC 2011 x86_64
libc:glibc 2.11.1 NPTL 2.11.1 
rlimit: STACK 8192k, CORE 0k, NPROC infinity, NOFILE 1024, AS infinity
load average:1.45 0.84 0.82

/proc/meminfo:
MemTotal:        4059540 kB
MemFree:         1659384 kB
Buffers:           24796 kB
Cached:           293392 kB
SwapCached:        85176 kB
Active:          1238108 kB
Inactive:         895508 kB
Active(anon):    1152836 kB
Inactive(anon):   734692 kB
Active(file):      85272 kB
Inactive(file):   160816 kB
Unevictable:          16 kB
Mlocked:              16 kB
SwapTotal:       4192924 kB
SwapFree:        3426336 kB
Dirty:               768 kB
Writeback:             0 kB
AnonPages:       1747516 kB
Mapped:           193056 kB
Shmem:             72100 kB
Slab:              50696 kB
SReclaimable:      24648 kB
SUnreclaim:        26048 kB
KernelStack:        3856 kB
PageTables:        39468 kB
NFS_Unstable:          0 kB
Bounce:                0 kB
WritebackTmp:          0 kB
CommitLimit:     6222692 kB
Committed_AS:    4772176 kB
VmallocTotal:   34359738367 kB
VmallocUsed:      146104 kB
VmallocChunk:   34359588476 kB
HardwareCorrupted:     0 kB
HugePages_Total:       0
HugePages_Free:        0
HugePages_Rsvd:        0
HugePages_Surp:        0
Hugepagesize:       2048 kB
DirectMap4k:     3193728 kB
DirectMap2M:      999424 kB


CPU:total 2 (2 cores per cpu, 1 threads per core) family 15 model 75 stepping 2, cmov, cx8, fxsr, mmx, sse, sse2, sse3, mmxext, 3dnow, 3dnowext

/proc/cpuinfo:
processor	: 0
vendor_id	: AuthenticAMD
cpu family	: 15
model		: 75
model name	: AMD Athlon(tm) 64 X2 Dual Core Processor 4200+
stepping	: 2
cpu MHz		: 2210.146
cache size	: 512 KB
physical id	: 0
siblings	: 2
core id		: 0
cpu cores	: 2
apicid		: 0
initial apicid	: 0
fpu		: yes
fpu_exception	: yes
cpuid level	: 1
wp		: yes
flags		: fpu vme de pse tsc msr pae mce cx8 apic sep mtrr pge mca cmov pat pse36 clflush mmx fxsr sse sse2 ht syscall nx mmxext fxsr_opt rdtscp lm 3dnowext 3dnow rep_good extd_apicid pni cx16 lahf_lm cmp_legacy svm extapic cr8_legacy
bogomips	: 4420.29
TLB size	: 1024 4K pages
clflush size	: 64
cache_alignment	: 64
address sizes	: 40 bits physical, 48 bits virtual
power management: ts fid vid ttp tm stc

processor	: 1
vendor_id	: AuthenticAMD
cpu family	: 15
model		: 75
model name	: AMD Athlon(tm) 64 X2 Dual Core Processor 4200+
stepping	: 2
cpu MHz		: 2210.146
cache size	: 512 KB
physical id	: 0
siblings	: 2
core id		: 1
cpu cores	: 2
apicid		: 1
initial apicid	: 1
fpu		: yes
fpu_exception	: yes
cpuid level	: 1
wp		: yes
flags		: fpu vme de pse tsc msr pae mce cx8 apic sep mtrr pge mca cmov pat pse36 clflush mmx fxsr sse sse2 ht syscall nx mmxext fxsr_opt rdtscp lm 3dnowext 3dnow rep_good extd_apicid pni cx16 lahf_lm cmp_legacy svm extapic cr8_legacy
bogomips	: 4420.36
TLB size	: 1024 4K pages
clflush size	: 64
cache_alignment	: 64
address sizes	: 40 bits physical, 48 bits virtual
power management: ts fid vid ttp tm stc



Memory: 4k page, physical 4059540k(1659384k free), swap 4192924k(3426336k free)

vm_info: Java HotSpot(TM) 64-Bit Server VM (20.1-b02) for linux-amd64 JRE (1.6.0_26-b03), built on May  4 2011 01:13:47 by "java_re" with gcc 3.2.2 (SuSE Linux)

time: Fri Jul 20 01:39:42 2012
elapsed time: 32 seconds

